ERROR - 2026-05-13 06:49:39 --> Error connecting to the database: Error: Class "SQLite3" not found in /home/mickaella/Projet/2026/s4/nouveau/INF205_Systeme_Information/En cours/Entreprise_TechMada/vendor/codeigniter4/framework/system/Database/SQLite3/Connection.php:111
Stack trace:
#0 /home/mickaella/Projet/2026/s4/nouveau/INF205_Systeme_Information/En cours/Entreprise_TechMada/vendor/codeigniter4/framework/system/Database/BaseConnection.php(555): CodeIgniter\Database\SQLite3\Connection->connect()
#1 /home/mickaella/Projet/2026/s4/nouveau/INF205_Systeme_Information/En cours/Entreprise_TechMada/vendor/codeigniter4/framework/system/Database/SQLite3/Connection.php(74): CodeIgniter\Database\BaseConnection->initialize()
#2 /home/mickaella/Projet/2026/s4/nouveau/INF205_Systeme_Information/En cours/Entreprise_TechMada/vendor/codeigniter4/framework/system/Database/BaseConnection.php(795): CodeIgniter\Database\SQLite3\Connection->initialize()
#3 /home/mickaella/Projet/2026/s4/nouveau/INF205_Systeme_Information/En cours/Entreprise_TechMada/vendor/codeigniter4/framework/system/Database/BaseConnection.php(1706): CodeIgniter\Database\BaseConnection->query()
#4 /home/mickaella/Projet/2026/s4/nouveau/INF205_Systeme_Information/En cours/Entreprise_TechMada/vendor/codeigniter4/framework/system/Database/BaseConnection.php(1726): CodeIgniter\Database\BaseConnection->listTables()
#5 /home/mickaella/Projet/2026/s4/nouveau/INF205_Systeme_Information/En cours/Entreprise_TechMada/vendor/codeigniter4/framework/system/Database/MigrationRunner.php(821): CodeIgniter\Database\BaseConnection->tableExists()
#6 /home/mickaella/Projet/2026/s4/nouveau/INF205_Systeme_Information/En cours/Entreprise_TechMada/vendor/codeigniter4/framework/system/Database/MigrationRunner.php(173): CodeIgniter\Database\MigrationRunner->ensureTable()
#7 /home/mickaella/Projet/2026/s4/nouveau/INF205_Systeme_Information/En cours/Entreprise_TechMada/vendor/codeigniter4/framework/system/Commands/Database/Migrate.php(89): CodeIgniter\Database\MigrationRunner->latest()
#8 /home/mickaella/Projet/2026/s4/nouveau/INF205_Systeme_Information/En cours/Entreprise_TechMada/vendor/codeigniter4/framework/system/CLI/SignalTrait.php(245): CodeIgniter\Commands\Database\Migrate::CodeIgniter\Commands\Database\{closure}()
#9 /home/mickaella/Projet/2026/s4/nouveau/INF205_Systeme_Information/En cours/Entreprise_TechMada/vendor/codeigniter4/framework/system/Commands/Database/Migrate.php(88): CodeIgniter\Commands\Database\Migrate->withSignalsBlocked()
#10 /home/mickaella/Projet/2026/s4/nouveau/INF205_Systeme_Information/En cours/Entreprise_TechMada/vendor/codeigniter4/framework/system/CLI/Commands.php(74): CodeIgniter\Commands\Database\Migrate->run()
#11 /home/mickaella/Projet/2026/s4/nouveau/INF205_Systeme_Information/En cours/Entreprise_TechMada/vendor/codeigniter4/framework/system/CLI/Console.php(47): CodeIgniter\CLI\Commands->run()
#12 /home/mickaella/Projet/2026/s4/nouveau/INF205_Systeme_Information/En cours/Entreprise_TechMada/vendor/codeigniter4/framework/system/Boot.php(442): CodeIgniter\CLI\Console->run()
#13 /home/mickaella/Projet/2026/s4/nouveau/INF205_Systeme_Information/En cours/Entreprise_TechMada/vendor/codeigniter4/framework/system/Boot.php(166): CodeIgniter\Boot::runCommand()
#14 /home/mickaella/Projet/2026/s4/nouveau/INF205_Systeme_Information/En cours/Entreprise_TechMada/spark(87): CodeIgniter\Boot::bootSpark()
#15 {main}
CRITICAL - 2026-05-13 06:49:39 --> ErrorException: require(/home/mickaella/Projet/2026/s4/nouveau/INF205_Systeme_Information/En cours/Entreprise_TechMada/app/Views/errors/cli/error_exception.php): Failed to open stream: No such file or directory
[Method: CLI, Route: migrate]
in SYSTEMPATH/CLI/BaseCommand.php on line 133.
 1 SYSTEMPATH/CLI/BaseCommand.php(133): CodeIgniter\Debug\Exceptions->errorHandler()
 2 SYSTEMPATH/CLI/BaseCommand.php(133): require()
 3 SYSTEMPATH/Commands/Database/Migrate.php(104): CodeIgniter\CLI\BaseCommand->showError()
 4 SYSTEMPATH/CLI/Commands.php(74): CodeIgniter\Commands\Database\Migrate->run()
 5 SYSTEMPATH/CLI/Console.php(47): CodeIgniter\CLI\Commands->run()
 6 SYSTEMPATH/Boot.php(442): CodeIgniter\CLI\Console->run()
 7 SYSTEMPATH/Boot.php(166): CodeIgniter\Boot::runCommand()
 8 ROOTPATH/spark(87): CodeIgniter\Boot::bootSpark()
ERROR - 2026-05-13 06:58:29 --> Error connecting to the database: Error: Class "SQLite3" not found in /home/mickaella/Projet/2026/s4/nouveau/INF205_Systeme_Information/En cours/Entreprise_TechMada/vendor/codeigniter4/framework/system/Database/SQLite3/Connection.php:111
Stack trace:
#0 /home/mickaella/Projet/2026/s4/nouveau/INF205_Systeme_Information/En cours/Entreprise_TechMada/vendor/codeigniter4/framework/system/Database/BaseConnection.php(555): CodeIgniter\Database\SQLite3\Connection->connect()
#1 /home/mickaella/Projet/2026/s4/nouveau/INF205_Systeme_Information/En cours/Entreprise_TechMada/vendor/codeigniter4/framework/system/Database/SQLite3/Connection.php(74): CodeIgniter\Database\BaseConnection->initialize()
#2 /home/mickaella/Projet/2026/s4/nouveau/INF205_Systeme_Information/En cours/Entreprise_TechMada/vendor/codeigniter4/framework/system/Database/BaseConnection.php(795): CodeIgniter\Database\SQLite3\Connection->initialize()
#3 /home/mickaella/Projet/2026/s4/nouveau/INF205_Systeme_Information/En cours/Entreprise_TechMada/vendor/codeigniter4/framework/system/Database/BaseConnection.php(1706): CodeIgniter\Database\BaseConnection->query()
#4 /home/mickaella/Projet/2026/s4/nouveau/INF205_Systeme_Information/En cours/Entreprise_TechMada/vendor/codeigniter4/framework/system/Database/BaseConnection.php(1726): CodeIgniter\Database\BaseConnection->listTables()
#5 /home/mickaella/Projet/2026/s4/nouveau/INF205_Systeme_Information/En cours/Entreprise_TechMada/vendor/codeigniter4/framework/system/Database/MigrationRunner.php(821): CodeIgniter\Database\BaseConnection->tableExists()
#6 /home/mickaella/Projet/2026/s4/nouveau/INF205_Systeme_Information/En cours/Entreprise_TechMada/vendor/codeigniter4/framework/system/Database/MigrationRunner.php(173): CodeIgniter\Database\MigrationRunner->ensureTable()
#7 /home/mickaella/Projet/2026/s4/nouveau/INF205_Systeme_Information/En cours/Entreprise_TechMada/vendor/codeigniter4/framework/system/Commands/Database/Migrate.php(89): CodeIgniter\Database\MigrationRunner->latest()
#8 /home/mickaella/Projet/2026/s4/nouveau/INF205_Systeme_Information/En cours/Entreprise_TechMada/vendor/codeigniter4/framework/system/CLI/SignalTrait.php(245): CodeIgniter\Commands\Database\Migrate::CodeIgniter\Commands\Database\{closure}()
#9 /home/mickaella/Projet/2026/s4/nouveau/INF205_Systeme_Information/En cours/Entreprise_TechMada/vendor/codeigniter4/framework/system/Commands/Database/Migrate.php(88): CodeIgniter\Commands\Database\Migrate->withSignalsBlocked()
#10 /home/mickaella/Projet/2026/s4/nouveau/INF205_Systeme_Information/En cours/Entreprise_TechMada/vendor/codeigniter4/framework/system/CLI/Commands.php(74): CodeIgniter\Commands\Database\Migrate->run()
#11 /home/mickaella/Projet/2026/s4/nouveau/INF205_Systeme_Information/En cours/Entreprise_TechMada/vendor/codeigniter4/framework/system/CLI/Console.php(47): CodeIgniter\CLI\Commands->run()
#12 /home/mickaella/Projet/2026/s4/nouveau/INF205_Systeme_Information/En cours/Entreprise_TechMada/vendor/codeigniter4/framework/system/Boot.php(442): CodeIgniter\CLI\Console->run()
#13 /home/mickaella/Projet/2026/s4/nouveau/INF205_Systeme_Information/En cours/Entreprise_TechMada/vendor/codeigniter4/framework/system/Boot.php(166): CodeIgniter\Boot::runCommand()
#14 /home/mickaella/Projet/2026/s4/nouveau/INF205_Systeme_Information/En cours/Entreprise_TechMada/spark(87): CodeIgniter\Boot::bootSpark()
#15 {main}
CRITICAL - 2026-05-13 06:58:29 --> ErrorException: require(/home/mickaella/Projet/2026/s4/nouveau/INF205_Systeme_Information/En cours/Entreprise_TechMada/app/Views/errors/cli/error_exception.php): Failed to open stream: No such file or directory
[Method: CLI, Route: migrate]
in SYSTEMPATH/CLI/BaseCommand.php on line 133.
 1 SYSTEMPATH/CLI/BaseCommand.php(133): CodeIgniter\Debug\Exceptions->errorHandler()
 2 SYSTEMPATH/CLI/BaseCommand.php(133): require()
 3 SYSTEMPATH/Commands/Database/Migrate.php(104): CodeIgniter\CLI\BaseCommand->showError()
 4 SYSTEMPATH/CLI/Commands.php(74): CodeIgniter\Commands\Database\Migrate->run()
 5 SYSTEMPATH/CLI/Console.php(47): CodeIgniter\CLI\Commands->run()
 6 SYSTEMPATH/Boot.php(442): CodeIgniter\CLI\Console->run()
 7 SYSTEMPATH/Boot.php(166): CodeIgniter\Boot::runCommand()
 8 ROOTPATH/spark(87): CodeIgniter\Boot::bootSpark()
ERROR - 2026-05-13 06:58:41 --> Error connecting to the database: Error: Class "SQLite3" not found in /home/mickaella/Projet/2026/s4/nouveau/INF205_Systeme_Information/En cours/Entreprise_TechMada/vendor/codeigniter4/framework/system/Database/SQLite3/Connection.php:111
Stack trace:
#0 /home/mickaella/Projet/2026/s4/nouveau/INF205_Systeme_Information/En cours/Entreprise_TechMada/vendor/codeigniter4/framework/system/Database/BaseConnection.php(555): CodeIgniter\Database\SQLite3\Connection->connect()
#1 /home/mickaella/Projet/2026/s4/nouveau/INF205_Systeme_Information/En cours/Entreprise_TechMada/vendor/codeigniter4/framework/system/Database/SQLite3/Connection.php(74): CodeIgniter\Database\BaseConnection->initialize()
#2 /home/mickaella/Projet/2026/s4/nouveau/INF205_Systeme_Information/En cours/Entreprise_TechMada/vendor/codeigniter4/framework/system/Database/BaseConnection.php(795): CodeIgniter\Database\SQLite3\Connection->initialize()
#3 /home/mickaella/Projet/2026/s4/nouveau/INF205_Systeme_Information/En cours/Entreprise_TechMada/vendor/codeigniter4/framework/system/Database/BaseConnection.php(1706): CodeIgniter\Database\BaseConnection->query()
#4 /home/mickaella/Projet/2026/s4/nouveau/INF205_Systeme_Information/En cours/Entreprise_TechMada/vendor/codeigniter4/framework/system/Database/BaseConnection.php(1726): CodeIgniter\Database\BaseConnection->listTables()
#5 /home/mickaella/Projet/2026/s4/nouveau/INF205_Systeme_Information/En cours/Entreprise_TechMada/vendor/codeigniter4/framework/system/Database/MigrationRunner.php(821): CodeIgniter\Database\BaseConnection->tableExists()
#6 /home/mickaella/Projet/2026/s4/nouveau/INF205_Systeme_Information/En cours/Entreprise_TechMada/vendor/codeigniter4/framework/system/Database/MigrationRunner.php(173): CodeIgniter\Database\MigrationRunner->ensureTable()
#7 /home/mickaella/Projet/2026/s4/nouveau/INF205_Systeme_Information/En cours/Entreprise_TechMada/vendor/codeigniter4/framework/system/Commands/Database/Migrate.php(89): CodeIgniter\Database\MigrationRunner->latest()
#8 /home/mickaella/Projet/2026/s4/nouveau/INF205_Systeme_Information/En cours/Entreprise_TechMada/vendor/codeigniter4/framework/system/CLI/SignalTrait.php(245): CodeIgniter\Commands\Database\Migrate::CodeIgniter\Commands\Database\{closure}()
#9 /home/mickaella/Projet/2026/s4/nouveau/INF205_Systeme_Information/En cours/Entreprise_TechMada/vendor/codeigniter4/framework/system/Commands/Database/Migrate.php(88): CodeIgniter\Commands\Database\Migrate->withSignalsBlocked()
#10 /home/mickaella/Projet/2026/s4/nouveau/INF205_Systeme_Information/En cours/Entreprise_TechMada/vendor/codeigniter4/framework/system/CLI/Commands.php(74): CodeIgniter\Commands\Database\Migrate->run()
#11 /home/mickaella/Projet/2026/s4/nouveau/INF205_Systeme_Information/En cours/Entreprise_TechMada/vendor/codeigniter4/framework/system/CLI/Console.php(47): CodeIgniter\CLI\Commands->run()
#12 /home/mickaella/Projet/2026/s4/nouveau/INF205_Systeme_Information/En cours/Entreprise_TechMada/vendor/codeigniter4/framework/system/Boot.php(442): CodeIgniter\CLI\Console->run()
#13 /home/mickaella/Projet/2026/s4/nouveau/INF205_Systeme_Information/En cours/Entreprise_TechMada/vendor/codeigniter4/framework/system/Boot.php(166): CodeIgniter\Boot::runCommand()
#14 /home/mickaella/Projet/2026/s4/nouveau/INF205_Systeme_Information/En cours/Entreprise_TechMada/spark(87): CodeIgniter\Boot::bootSpark()
#15 {main}
CRITICAL - 2026-05-13 06:58:41 --> ErrorException: require(/home/mickaella/Projet/2026/s4/nouveau/INF205_Systeme_Information/En cours/Entreprise_TechMada/app/Views/errors/cli/error_exception.php): Failed to open stream: No such file or directory
[Method: CLI, Route: migrate]
in SYSTEMPATH/CLI/BaseCommand.php on line 133.
 1 SYSTEMPATH/CLI/BaseCommand.php(133): CodeIgniter\Debug\Exceptions->errorHandler()
 2 SYSTEMPATH/CLI/BaseCommand.php(133): require()
 3 SYSTEMPATH/Commands/Database/Migrate.php(104): CodeIgniter\CLI\BaseCommand->showError()
 4 SYSTEMPATH/CLI/Commands.php(74): CodeIgniter\Commands\Database\Migrate->run()
 5 SYSTEMPATH/CLI/Console.php(47): CodeIgniter\CLI\Commands->run()
 6 SYSTEMPATH/Boot.php(442): CodeIgniter\CLI\Console->run()
 7 SYSTEMPATH/Boot.php(166): CodeIgniter\Boot::runCommand()
 8 ROOTPATH/spark(87): CodeIgniter\Boot::bootSpark()
ERROR - 2026-05-13 07:00:02 --> Error connecting to the database: Error: Class "SQLite3" not found in /home/mickaella/Projet/2026/s4/nouveau/INF205_Systeme_Information/En cours/Entreprise_TechMada/vendor/codeigniter4/framework/system/Database/SQLite3/Connection.php:111
Stack trace:
#0 /home/mickaella/Projet/2026/s4/nouveau/INF205_Systeme_Information/En cours/Entreprise_TechMada/vendor/codeigniter4/framework/system/Database/BaseConnection.php(555): CodeIgniter\Database\SQLite3\Connection->connect()
#1 /home/mickaella/Projet/2026/s4/nouveau/INF205_Systeme_Information/En cours/Entreprise_TechMada/vendor/codeigniter4/framework/system/Database/SQLite3/Connection.php(74): CodeIgniter\Database\BaseConnection->initialize()
#2 /home/mickaella/Projet/2026/s4/nouveau/INF205_Systeme_Information/En cours/Entreprise_TechMada/vendor/codeigniter4/framework/system/Database/BaseConnection.php(795): CodeIgniter\Database\SQLite3\Connection->initialize()
#3 /home/mickaella/Projet/2026/s4/nouveau/INF205_Systeme_Information/En cours/Entreprise_TechMada/vendor/codeigniter4/framework/system/Database/BaseConnection.php(1706): CodeIgniter\Database\BaseConnection->query()
#4 /home/mickaella/Projet/2026/s4/nouveau/INF205_Systeme_Information/En cours/Entreprise_TechMada/vendor/codeigniter4/framework/system/Database/BaseConnection.php(1726): CodeIgniter\Database\BaseConnection->listTables()
#5 /home/mickaella/Projet/2026/s4/nouveau/INF205_Systeme_Information/En cours/Entreprise_TechMada/vendor/codeigniter4/framework/system/Database/MigrationRunner.php(821): CodeIgniter\Database\BaseConnection->tableExists()
#6 /home/mickaella/Projet/2026/s4/nouveau/INF205_Systeme_Information/En cours/Entreprise_TechMada/vendor/codeigniter4/framework/system/Database/MigrationRunner.php(173): CodeIgniter\Database\MigrationRunner->ensureTable()
#7 /home/mickaella/Projet/2026/s4/nouveau/INF205_Systeme_Information/En cours/Entreprise_TechMada/vendor/codeigniter4/framework/system/Commands/Database/Migrate.php(89): CodeIgniter\Database\MigrationRunner->latest()
#8 /home/mickaella/Projet/2026/s4/nouveau/INF205_Systeme_Information/En cours/Entreprise_TechMada/vendor/codeigniter4/framework/system/CLI/SignalTrait.php(245): CodeIgniter\Commands\Database\Migrate::CodeIgniter\Commands\Database\{closure}()
#9 /home/mickaella/Projet/2026/s4/nouveau/INF205_Systeme_Information/En cours/Entreprise_TechMada/vendor/codeigniter4/framework/system/Commands/Database/Migrate.php(88): CodeIgniter\Commands\Database\Migrate->withSignalsBlocked()
#10 /home/mickaella/Projet/2026/s4/nouveau/INF205_Systeme_Information/En cours/Entreprise_TechMada/vendor/codeigniter4/framework/system/CLI/Commands.php(74): CodeIgniter\Commands\Database\Migrate->run()
#11 /home/mickaella/Projet/2026/s4/nouveau/INF205_Systeme_Information/En cours/Entreprise_TechMada/vendor/codeigniter4/framework/system/CLI/Console.php(47): CodeIgniter\CLI\Commands->run()
#12 /home/mickaella/Projet/2026/s4/nouveau/INF205_Systeme_Information/En cours/Entreprise_TechMada/vendor/codeigniter4/framework/system/Boot.php(442): CodeIgniter\CLI\Console->run()
#13 /home/mickaella/Projet/2026/s4/nouveau/INF205_Systeme_Information/En cours/Entreprise_TechMada/vendor/codeigniter4/framework/system/Boot.php(166): CodeIgniter\Boot::runCommand()
#14 /home/mickaella/Projet/2026/s4/nouveau/INF205_Systeme_Information/En cours/Entreprise_TechMada/spark(87): CodeIgniter\Boot::bootSpark()
#15 {main}
