CRITICAL - 2026-05-07 07:31:44 --> ErrorException: include(/home/mickaella/Projet/2026/s4/nouveau/INF205_Systeme_Information/En cours/regimeAlimentaires/vendor/composer/../../app/Controllers/Home.php): Failed to open stream: No such file or directory
[Method: GET, Route: /]
in VENDORPATH/composer/ClassLoader.php on line 576.
 1 VENDORPATH/composer/ClassLoader.php(576): CodeIgniter\Debug\Exceptions->errorHandler()
 2 VENDORPATH/composer/ClassLoader.php(576): include()
 3 VENDORPATH/composer/ClassLoader.php(427): Composer\Autoload\{closure}()
 4 [internal function]: Composer\Autoload\ClassLoader->loadClass()
 5 SYSTEMPATH/Router/Router.php(792): class_exists()
 6 SYSTEMPATH/Router/Router.php(230): CodeIgniter\Router\Router->processRouteAttributes()
 7 SYSTEMPATH/CodeIgniter.php(829): CodeIgniter\Router\Router->handle()
 8 SYSTEMPATH/CodeIgniter.php(441): CodeIgniter\CodeIgniter->tryToRouteIt()
 9 SYSTEMPATH/CodeIgniter.php(340): CodeIgniter\CodeIgniter->handleRequest()
10 SYSTEMPATH/Boot.php(417): CodeIgniter\CodeIgniter->run()
11 SYSTEMPATH/Boot.php(68): CodeIgniter\Boot::runCodeIgniter()
12 FCPATH/index.php(59): CodeIgniter\Boot::bootWeb()
CRITICAL - 2026-05-07 07:31:54 --> ErrorException: include(/home/mickaella/Projet/2026/s4/nouveau/INF205_Systeme_Information/En cours/regimeAlimentaires/vendor/composer/../../app/Controllers/Home.php): Failed to open stream: No such file or directory
[Method: GET, Route: /]
in VENDORPATH/composer/ClassLoader.php on line 576.
 1 VENDORPATH/composer/ClassLoader.php(576): CodeIgniter\Debug\Exceptions->errorHandler()
 2 VENDORPATH/composer/ClassLoader.php(576): include()
 3 VENDORPATH/composer/ClassLoader.php(427): Composer\Autoload\{closure}()
 4 [internal function]: Composer\Autoload\ClassLoader->loadClass()
 5 SYSTEMPATH/Router/Router.php(792): class_exists()
 6 SYSTEMPATH/Router/Router.php(230): CodeIgniter\Router\Router->processRouteAttributes()
 7 SYSTEMPATH/CodeIgniter.php(829): CodeIgniter\Router\Router->handle()
 8 SYSTEMPATH/CodeIgniter.php(441): CodeIgniter\CodeIgniter->tryToRouteIt()
 9 SYSTEMPATH/CodeIgniter.php(340): CodeIgniter\CodeIgniter->handleRequest()
10 SYSTEMPATH/Boot.php(417): CodeIgniter\CodeIgniter->run()
11 SYSTEMPATH/Boot.php(68): CodeIgniter\Boot::runCodeIgniter()
12 FCPATH/index.php(59): CodeIgniter\Boot::bootWeb()
CRITICAL - 2026-05-07 07:33:28 --> ErrorException: include(/home/mickaella/Projet/2026/s4/nouveau/INF205_Systeme_Information/En cours/regimeAlimentaires/vendor/composer/../../app/Controllers/Home.php): Failed to open stream: No such file or directory
[Method: GET, Route: /]
in VENDORPATH/composer/ClassLoader.php on line 576.
 1 VENDORPATH/composer/ClassLoader.php(576): CodeIgniter\Debug\Exceptions->errorHandler()
 2 VENDORPATH/composer/ClassLoader.php(576): include()
 3 VENDORPATH/composer/ClassLoader.php(427): Composer\Autoload\{closure}()
 4 [internal function]: Composer\Autoload\ClassLoader->loadClass()
 5 SYSTEMPATH/Router/Router.php(792): class_exists()
 6 SYSTEMPATH/Router/Router.php(230): CodeIgniter\Router\Router->processRouteAttributes()
 7 SYSTEMPATH/CodeIgniter.php(829): CodeIgniter\Router\Router->handle()
 8 SYSTEMPATH/CodeIgniter.php(441): CodeIgniter\CodeIgniter->tryToRouteIt()
 9 SYSTEMPATH/CodeIgniter.php(340): CodeIgniter\CodeIgniter->handleRequest()
10 SYSTEMPATH/Boot.php(417): CodeIgniter\CodeIgniter->run()
11 SYSTEMPATH/Boot.php(68): CodeIgniter\Boot::runCodeIgniter()
12 FCPATH/index.php(59): CodeIgniter\Boot::bootWeb()
CRITICAL - 2026-05-07 07:34:17 --> ErrorException: include(/home/mickaella/Projet/2026/s4/nouveau/INF205_Systeme_Information/En cours/regimeAlimentaires/vendor/composer/../../app/Controllers/Home.php): Failed to open stream: No such file or directory
[Method: GET, Route: /]
in VENDORPATH/composer/ClassLoader.php on line 576.
 1 VENDORPATH/composer/ClassLoader.php(576): CodeIgniter\Debug\Exceptions->errorHandler()
 2 VENDORPATH/composer/ClassLoader.php(576): include()
 3 VENDORPATH/composer/ClassLoader.php(427): Composer\Autoload\{closure}()
 4 [internal function]: Composer\Autoload\ClassLoader->loadClass()
 5 SYSTEMPATH/Router/Router.php(792): class_exists()
 6 SYSTEMPATH/Router/Router.php(230): CodeIgniter\Router\Router->processRouteAttributes()
 7 SYSTEMPATH/CodeIgniter.php(829): CodeIgniter\Router\Router->handle()
 8 SYSTEMPATH/CodeIgniter.php(441): CodeIgniter\CodeIgniter->tryToRouteIt()
 9 SYSTEMPATH/CodeIgniter.php(340): CodeIgniter\CodeIgniter->handleRequest()
10 SYSTEMPATH/Boot.php(417): CodeIgniter\CodeIgniter->run()
11 SYSTEMPATH/Boot.php(68): CodeIgniter\Boot::runCodeIgniter()
12 FCPATH/index.php(59): CodeIgniter\Boot::bootWeb()
CRITICAL - 2026-05-07 07:34:26 --> ErrorException: include(/home/mickaella/Projet/2026/s4/nouveau/INF205_Systeme_Information/En cours/regimeAlimentaires/vendor/composer/../../app/Controllers/Home.php): Failed to open stream: No such file or directory
[Method: GET, Route: /]
in VENDORPATH/composer/ClassLoader.php on line 576.
 1 VENDORPATH/composer/ClassLoader.php(576): CodeIgniter\Debug\Exceptions->errorHandler()
 2 VENDORPATH/composer/ClassLoader.php(576): include()
 3 VENDORPATH/composer/ClassLoader.php(427): Composer\Autoload\{closure}()
 4 [internal function]: Composer\Autoload\ClassLoader->loadClass()
 5 SYSTEMPATH/Router/Router.php(792): class_exists()
 6 SYSTEMPATH/Router/Router.php(230): CodeIgniter\Router\Router->processRouteAttributes()
 7 SYSTEMPATH/CodeIgniter.php(829): CodeIgniter\Router\Router->handle()
 8 SYSTEMPATH/CodeIgniter.php(441): CodeIgniter\CodeIgniter->tryToRouteIt()
 9 SYSTEMPATH/CodeIgniter.php(340): CodeIgniter\CodeIgniter->handleRequest()
10 SYSTEMPATH/Boot.php(417): CodeIgniter\CodeIgniter->run()
11 SYSTEMPATH/Boot.php(68): CodeIgniter\Boot::runCodeIgniter()
12 FCPATH/index.php(59): CodeIgniter\Boot::bootWeb()
CRITICAL - 2026-05-07 07:36:38 --> ErrorException: include(/home/mickaella/Projet/2026/s4/nouveau/INF205_Systeme_Information/En cours/regimeAlimentaires/vendor/composer/../../app/Controllers/Home.php): Failed to open stream: No such file or directory
[Method: GET, Route: /]
in VENDORPATH/composer/ClassLoader.php on line 576.
 1 VENDORPATH/composer/ClassLoader.php(576): CodeIgniter\Debug\Exceptions->errorHandler()
 2 VENDORPATH/composer/ClassLoader.php(576): include()
 3 VENDORPATH/composer/ClassLoader.php(427): Composer\Autoload\{closure}()
 4 [internal function]: Composer\Autoload\ClassLoader->loadClass()
 5 SYSTEMPATH/Router/Router.php(792): class_exists()
 6 SYSTEMPATH/Router/Router.php(230): CodeIgniter\Router\Router->processRouteAttributes()
 7 SYSTEMPATH/CodeIgniter.php(829): CodeIgniter\Router\Router->handle()
 8 SYSTEMPATH/CodeIgniter.php(441): CodeIgniter\CodeIgniter->tryToRouteIt()
 9 SYSTEMPATH/CodeIgniter.php(340): CodeIgniter\CodeIgniter->handleRequest()
10 SYSTEMPATH/Boot.php(417): CodeIgniter\CodeIgniter->run()
11 SYSTEMPATH/Boot.php(68): CodeIgniter\Boot::runCodeIgniter()
12 FCPATH/index.php(59): CodeIgniter\Boot::bootWeb()
CRITICAL - 2026-05-07 07:38:39 --> ErrorException: include(/home/mickaella/Projet/2026/s4/nouveau/INF205_Systeme_Information/En cours/regimeAlimentaires/vendor/composer/../../app/Controllers/BaseController.php): Failed to open stream: No such file or directory
[Method: GET, Route: login]
in VENDORPATH/composer/ClassLoader.php on line 576.
 1 VENDORPATH/composer/ClassLoader.php(576): CodeIgniter\Debug\Exceptions->errorHandler()
 2 VENDORPATH/composer/ClassLoader.php(576): include()
 3 VENDORPATH/composer/ClassLoader.php(427): Composer\Autoload\{closure}()
 4 APPPATH/Controllers/UserController.php(5): Composer\Autoload\ClassLoader->loadClass()
 5 VENDORPATH/composer/ClassLoader.php(576): include('/home/mickaella/Projet/2026/s4/nouveau/INF205_Systeme_Information/En cours/regimeAlimentaires/app/Controllers/UserController.php')
 6 VENDORPATH/composer/ClassLoader.php(427): Composer\Autoload\{closure}()
 7 [internal function]: Composer\Autoload\ClassLoader->loadClass()
 8 SYSTEMPATH/Router/Router.php(792): class_exists()
 9 SYSTEMPATH/Router/Router.php(230): CodeIgniter\Router\Router->processRouteAttributes()
10 SYSTEMPATH/CodeIgniter.php(829): CodeIgniter\Router\Router->handle()
11 SYSTEMPATH/CodeIgniter.php(441): CodeIgniter\CodeIgniter->tryToRouteIt()
12 SYSTEMPATH/CodeIgniter.php(340): CodeIgniter\CodeIgniter->handleRequest()
13 SYSTEMPATH/Boot.php(417): CodeIgniter\CodeIgniter->run()
14 SYSTEMPATH/Boot.php(68): CodeIgniter\Boot::runCodeIgniter()
15 FCPATH/index.php(59): CodeIgniter\Boot::bootWeb()
CRITICAL - 2026-05-07 07:41:28 --> ErrorException: include(/home/mickaella/Projet/2026/s4/nouveau/INF205_Systeme_Information/En cours/regimeAlimentaires/vendor/composer/../../app/Controllers/BaseController.php): Failed to open stream: No such file or directory
[Method: GET, Route: login]
in VENDORPATH/composer/ClassLoader.php on line 576.
 1 VENDORPATH/composer/ClassLoader.php(576): CodeIgniter\Debug\Exceptions->errorHandler()
 2 VENDORPATH/composer/ClassLoader.php(576): include()
 3 VENDORPATH/composer/ClassLoader.php(427): Composer\Autoload\{closure}()
 4 APPPATH/Controllers/UserController.php(5): Composer\Autoload\ClassLoader->loadClass()
 5 VENDORPATH/composer/ClassLoader.php(576): include('/home/mickaella/Projet/2026/s4/nouveau/INF205_Systeme_Information/En cours/regimeAlimentaires/app/Controllers/UserController.php')
 6 VENDORPATH/composer/ClassLoader.php(427): Composer\Autoload\{closure}()
 7 [internal function]: Composer\Autoload\ClassLoader->loadClass()
 8 SYSTEMPATH/Router/Router.php(792): class_exists()
 9 SYSTEMPATH/Router/Router.php(230): CodeIgniter\Router\Router->processRouteAttributes()
10 SYSTEMPATH/CodeIgniter.php(829): CodeIgniter\Router\Router->handle()
11 SYSTEMPATH/CodeIgniter.php(441): CodeIgniter\CodeIgniter->tryToRouteIt()
12 SYSTEMPATH/CodeIgniter.php(340): CodeIgniter\CodeIgniter->handleRequest()
13 SYSTEMPATH/Boot.php(417): CodeIgniter\CodeIgniter->run()
14 SYSTEMPATH/Boot.php(68): CodeIgniter\Boot::runCodeIgniter()
15 FCPATH/index.php(59): CodeIgniter\Boot::bootWeb()
CRITICAL - 2026-05-07 07:41:31 --> ErrorException: include(/home/mickaella/Projet/2026/s4/nouveau/INF205_Systeme_Information/En cours/regimeAlimentaires/vendor/composer/../../app/Controllers/BaseController.php): Failed to open stream: No such file or directory
[Method: GET, Route: login]
in VENDORPATH/composer/ClassLoader.php on line 576.
 1 VENDORPATH/composer/ClassLoader.php(576): CodeIgniter\Debug\Exceptions->errorHandler()
 2 VENDORPATH/composer/ClassLoader.php(576): include()
 3 VENDORPATH/composer/ClassLoader.php(427): Composer\Autoload\{closure}()
 4 APPPATH/Controllers/UserController.php(5): Composer\Autoload\ClassLoader->loadClass()
 5 VENDORPATH/composer/ClassLoader.php(576): include('/home/mickaella/Projet/2026/s4/nouveau/INF205_Systeme_Information/En cours/regimeAlimentaires/app/Controllers/UserController.php')
 6 VENDORPATH/composer/ClassLoader.php(427): Composer\Autoload\{closure}()
 7 [internal function]: Composer\Autoload\ClassLoader->loadClass()
 8 SYSTEMPATH/Router/Router.php(792): class_exists()
 9 SYSTEMPATH/Router/Router.php(230): CodeIgniter\Router\Router->processRouteAttributes()
10 SYSTEMPATH/CodeIgniter.php(829): CodeIgniter\Router\Router->handle()
11 SYSTEMPATH/CodeIgniter.php(441): CodeIgniter\CodeIgniter->tryToRouteIt()
12 SYSTEMPATH/CodeIgniter.php(340): CodeIgniter\CodeIgniter->handleRequest()
13 SYSTEMPATH/Boot.php(417): CodeIgniter\CodeIgniter->run()
14 SYSTEMPATH/Boot.php(68): CodeIgniter\Boot::runCodeIgniter()
15 FCPATH/index.php(59): CodeIgniter\Boot::bootWeb()
CRITICAL - 2026-05-07 07:43:22 --> ErrorException: include(/home/mickaella/Projet/2026/s4/nouveau/INF205_Systeme_Information/En cours/regimeAlimentaires/vendor/composer/../../app/Controllers/BaseController.php): Failed to open stream: No such file or directory
[Method: GET, Route: login]
in VENDORPATH/composer/ClassLoader.php on line 576.
 1 VENDORPATH/composer/ClassLoader.php(576): CodeIgniter\Debug\Exceptions->errorHandler()
 2 VENDORPATH/composer/ClassLoader.php(576): include()
 3 VENDORPATH/composer/ClassLoader.php(427): Composer\Autoload\{closure}()
 4 APPPATH/Controllers/UserController.php(5): Composer\Autoload\ClassLoader->loadClass()
 5 VENDORPATH/composer/ClassLoader.php(576): include('/home/mickaella/Projet/2026/s4/nouveau/INF205_Systeme_Information/En cours/regimeAlimentaires/app/Controllers/UserController.php')
 6 VENDORPATH/composer/ClassLoader.php(427): Composer\Autoload\{closure}()
 7 [internal function]: Composer\Autoload\ClassLoader->loadClass()
 8 SYSTEMPATH/Router/Router.php(792): class_exists()
 9 SYSTEMPATH/Router/Router.php(230): CodeIgniter\Router\Router->processRouteAttributes()
10 SYSTEMPATH/CodeIgniter.php(829): CodeIgniter\Router\Router->handle()
11 SYSTEMPATH/CodeIgniter.php(441): CodeIgniter\CodeIgniter->tryToRouteIt()
12 SYSTEMPATH/CodeIgniter.php(340): CodeIgniter\CodeIgniter->handleRequest()
13 SYSTEMPATH/Boot.php(417): CodeIgniter\CodeIgniter->run()
14 SYSTEMPATH/Boot.php(68): CodeIgniter\Boot::runCodeIgniter()
15 FCPATH/index.php(59): CodeIgniter\Boot::bootWeb()
CRITICAL - 2026-05-07 07:43:57 --> ErrorException: include(/home/mickaella/Projet/2026/s4/nouveau/INF205_Systeme_Information/En cours/regimeAlimentaires/vendor/composer/../../app/Controllers/BaseController.php): Failed to open stream: No such file or directory
[Method: GET, Route: login]
in VENDORPATH/composer/ClassLoader.php on line 576.
 1 VENDORPATH/composer/ClassLoader.php(576): CodeIgniter\Debug\Exceptions->errorHandler()
 2 VENDORPATH/composer/ClassLoader.php(576): include()
 3 VENDORPATH/composer/ClassLoader.php(427): Composer\Autoload\{closure}()
 4 APPPATH/Controllers/UserController.php(5): Composer\Autoload\ClassLoader->loadClass()
 5 VENDORPATH/composer/ClassLoader.php(576): include('/home/mickaella/Projet/2026/s4/nouveau/INF205_Systeme_Information/En cours/regimeAlimentaires/app/Controllers/UserController.php')
 6 VENDORPATH/composer/ClassLoader.php(427): Composer\Autoload\{closure}()
 7 [internal function]: Composer\Autoload\ClassLoader->loadClass()
 8 SYSTEMPATH/Router/Router.php(792): class_exists()
 9 SYSTEMPATH/Router/Router.php(230): CodeIgniter\Router\Router->processRouteAttributes()
10 SYSTEMPATH/CodeIgniter.php(829): CodeIgniter\Router\Router->handle()
11 SYSTEMPATH/CodeIgniter.php(441): CodeIgniter\CodeIgniter->tryToRouteIt()
12 SYSTEMPATH/CodeIgniter.php(340): CodeIgniter\CodeIgniter->handleRequest()
13 SYSTEMPATH/Boot.php(417): CodeIgniter\CodeIgniter->run()
14 SYSTEMPATH/Boot.php(68): CodeIgniter\Boot::runCodeIgniter()
15 FCPATH/index.php(59): CodeIgniter\Boot::bootWeb()
CRITICAL - 2026-05-07 07:44:19 --> ErrorException: include(/home/mickaella/Projet/2026/s4/nouveau/INF205_Systeme_Information/En cours/regimeAlimentaires/vendor/composer/../../app/Controllers/Home.php): Failed to open stream: No such file or directory
[Method: GET, Route: acceuil]
in VENDORPATH/composer/ClassLoader.php on line 576.
 1 VENDORPATH/composer/ClassLoader.php(576): CodeIgniter\Debug\Exceptions->errorHandler()
 2 VENDORPATH/composer/ClassLoader.php(576): include()
 3 VENDORPATH/composer/ClassLoader.php(427): Composer\Autoload\{closure}()
 4 [internal function]: Composer\Autoload\ClassLoader->loadClass()
 5 SYSTEMPATH/Router/Router.php(792): class_exists()
 6 SYSTEMPATH/Router/Router.php(230): CodeIgniter\Router\Router->processRouteAttributes()
 7 SYSTEMPATH/CodeIgniter.php(829): CodeIgniter\Router\Router->handle()
 8 SYSTEMPATH/CodeIgniter.php(441): CodeIgniter\CodeIgniter->tryToRouteIt()
 9 SYSTEMPATH/CodeIgniter.php(340): CodeIgniter\CodeIgniter->handleRequest()
10 SYSTEMPATH/Boot.php(417): CodeIgniter\CodeIgniter->run()
11 SYSTEMPATH/Boot.php(68): CodeIgniter\Boot::runCodeIgniter()
12 FCPATH/index.php(59): CodeIgniter\Boot::bootWeb()
CRITICAL - 2026-05-07 07:47:26 --> ErrorException: include(/home/mickaella/Projet/2026/s4/nouveau/INF205_Systeme_Information/En cours/regimeAlimentaires/vendor/composer/../../app/Controllers/Home.php): Failed to open stream: No such file or directory
[Method: GET, Route: /]
in VENDORPATH/composer/ClassLoader.php on line 576.
 1 VENDORPATH/composer/ClassLoader.php(576): CodeIgniter\Debug\Exceptions->errorHandler()
 2 VENDORPATH/composer/ClassLoader.php(576): include()
 3 VENDORPATH/composer/ClassLoader.php(427): Composer\Autoload\{closure}()
 4 [internal function]: Composer\Autoload\ClassLoader->loadClass()
 5 SYSTEMPATH/Router/Router.php(792): class_exists()
 6 SYSTEMPATH/Router/Router.php(230): CodeIgniter\Router\Router->processRouteAttributes()
 7 SYSTEMPATH/CodeIgniter.php(829): CodeIgniter\Router\Router->handle()
 8 SYSTEMPATH/CodeIgniter.php(441): CodeIgniter\CodeIgniter->tryToRouteIt()
 9 SYSTEMPATH/CodeIgniter.php(340): CodeIgniter\CodeIgniter->handleRequest()
10 SYSTEMPATH/Boot.php(417): CodeIgniter\CodeIgniter->run()
11 SYSTEMPATH/Boot.php(68): CodeIgniter\Boot::runCodeIgniter()
12 FCPATH/index.php(59): CodeIgniter\Boot::bootWeb()
CRITICAL - 2026-05-07 11:45:28 --> ErrorException: ini_set(): Session ini settings cannot be changed when a session is active
[Method: GET, Route: step2]
in SYSTEMPATH/Session/Handlers/FileHandler.php on line 73.
 1 [internal function]: CodeIgniter\Debug\Exceptions->errorHandler()
 2 SYSTEMPATH/Session/Handlers/FileHandler.php(73): ini_set()
 3 SYSTEMPATH/Config/Services.php(702): CodeIgniter\Session\Handlers\FileHandler->__construct()
 4 SYSTEMPATH/Config/BaseService.php(325): CodeIgniter\Config\Services::session()
 5 SYSTEMPATH/Config/BaseService.php(264): CodeIgniter\Config\BaseService::__callStatic()
 6 SYSTEMPATH/Config/Services.php(668): CodeIgniter\Config\BaseService::getSharedInstance()
 7 SYSTEMPATH/Config/BaseService.php(334): CodeIgniter\Config\Services::session()
 8 SYSTEMPATH/Config/BaseService.php(203): CodeIgniter\Config\BaseService::__callStatic()
 9 SYSTEMPATH/Common.php(1078): CodeIgniter\Config\BaseService::get()
10 SYSTEMPATH/Common.php(1051): service()
11 SYSTEMPATH/CodeIgniter.php(1082): session()
12 SYSTEMPATH/CodeIgniter.php(537): CodeIgniter\CodeIgniter->storePreviousURL()
13 SYSTEMPATH/CodeIgniter.php(340): CodeIgniter\CodeIgniter->handleRequest()
14 SYSTEMPATH/Boot.php(417): CodeIgniter\CodeIgniter->run()
15 SYSTEMPATH/Boot.php(68): CodeIgniter\Boot::runCodeIgniter()
16 FCPATH/index.php(59): CodeIgniter\Boot::bootWeb()
CRITICAL - 2026-05-07 11:47:39 --> ErrorException: ini_set(): Session ini settings cannot be changed when a session is active
[Method: GET, Route: step2]
in SYSTEMPATH/Session/Handlers/FileHandler.php on line 73.
 1 [internal function]: CodeIgniter\Debug\Exceptions->errorHandler()
 2 SYSTEMPATH/Session/Handlers/FileHandler.php(73): ini_set()
 3 SYSTEMPATH/Config/Services.php(702): CodeIgniter\Session\Handlers\FileHandler->__construct()
 4 SYSTEMPATH/Config/BaseService.php(325): CodeIgniter\Config\Services::session()
 5 SYSTEMPATH/Config/BaseService.php(264): CodeIgniter\Config\BaseService::__callStatic()
 6 SYSTEMPATH/Config/Services.php(668): CodeIgniter\Config\BaseService::getSharedInstance()
 7 SYSTEMPATH/Config/BaseService.php(334): CodeIgniter\Config\Services::session()
 8 SYSTEMPATH/Config/BaseService.php(203): CodeIgniter\Config\BaseService::__callStatic()
 9 SYSTEMPATH/Common.php(1078): CodeIgniter\Config\BaseService::get()
10 SYSTEMPATH/Common.php(1051): service()
11 SYSTEMPATH/CodeIgniter.php(1082): session()
12 SYSTEMPATH/CodeIgniter.php(537): CodeIgniter\CodeIgniter->storePreviousURL()
13 SYSTEMPATH/CodeIgniter.php(340): CodeIgniter\CodeIgniter->handleRequest()
14 SYSTEMPATH/Boot.php(417): CodeIgniter\CodeIgniter->run()
15 SYSTEMPATH/Boot.php(68): CodeIgniter\Boot::runCodeIgniter()
16 FCPATH/index.php(59): CodeIgniter\Boot::bootWeb()
CRITICAL - 2026-05-07 11:48:06 --> ErrorException: ini_set(): Session ini settings cannot be changed when a session is active
[Method: GET, Route: step2]
in SYSTEMPATH/Session/Handlers/FileHandler.php on line 73.
 1 [internal function]: CodeIgniter\Debug\Exceptions->errorHandler()
 2 SYSTEMPATH/Session/Handlers/FileHandler.php(73): ini_set()
 3 SYSTEMPATH/Config/Services.php(702): CodeIgniter\Session\Handlers\FileHandler->__construct()
 4 SYSTEMPATH/Config/BaseService.php(325): CodeIgniter\Config\Services::session()
 5 SYSTEMPATH/Config/BaseService.php(264): CodeIgniter\Config\BaseService::__callStatic()
 6 SYSTEMPATH/Config/Services.php(668): CodeIgniter\Config\BaseService::getSharedInstance()
 7 SYSTEMPATH/Config/BaseService.php(334): CodeIgniter\Config\Services::session()
 8 SYSTEMPATH/Config/BaseService.php(203): CodeIgniter\Config\BaseService::__callStatic()
 9 SYSTEMPATH/Common.php(1078): CodeIgniter\Config\BaseService::get()
10 SYSTEMPATH/Common.php(1051): service()
11 SYSTEMPATH/CodeIgniter.php(1082): session()
12 SYSTEMPATH/CodeIgniter.php(537): CodeIgniter\CodeIgniter->storePreviousURL()
13 SYSTEMPATH/CodeIgniter.php(340): CodeIgniter\CodeIgniter->handleRequest()
14 SYSTEMPATH/Boot.php(417): CodeIgniter\CodeIgniter->run()
15 SYSTEMPATH/Boot.php(68): CodeIgniter\Boot::runCodeIgniter()
16 FCPATH/index.php(59): CodeIgniter\Boot::bootWeb()
CRITICAL - 2026-05-07 11:59:49 --> ErrorException: ini_set(): Session ini settings cannot be changed when a session is active
[Method: GET, Route: step2]
in SYSTEMPATH/Session/Handlers/FileHandler.php on line 73.
 1 [internal function]: CodeIgniter\Debug\Exceptions->errorHandler()
 2 SYSTEMPATH/Session/Handlers/FileHandler.php(73): ini_set()
 3 SYSTEMPATH/Config/Services.php(702): CodeIgniter\Session\Handlers\FileHandler->__construct()
 4 SYSTEMPATH/Config/BaseService.php(325): CodeIgniter\Config\Services::session()
 5 SYSTEMPATH/Config/BaseService.php(264): CodeIgniter\Config\BaseService::__callStatic()
 6 SYSTEMPATH/Config/Services.php(668): CodeIgniter\Config\BaseService::getSharedInstance()
 7 SYSTEMPATH/Config/BaseService.php(334): CodeIgniter\Config\Services::session()
 8 SYSTEMPATH/Config/BaseService.php(203): CodeIgniter\Config\BaseService::__callStatic()
 9 SYSTEMPATH/Common.php(1078): CodeIgniter\Config\BaseService::get()
10 SYSTEMPATH/Common.php(1051): service()
11 SYSTEMPATH/CodeIgniter.php(1082): session()
12 SYSTEMPATH/CodeIgniter.php(537): CodeIgniter\CodeIgniter->storePreviousURL()
13 SYSTEMPATH/CodeIgniter.php(340): CodeIgniter\CodeIgniter->handleRequest()
14 SYSTEMPATH/Boot.php(417): CodeIgniter\CodeIgniter->run()
15 SYSTEMPATH/Boot.php(68): CodeIgniter\Boot::runCodeIgniter()
16 FCPATH/index.php(59): CodeIgniter\Boot::bootWeb()
CRITICAL - 2026-05-07 12:00:58 --> ErrorException: ini_set(): Session ini settings cannot be changed when a session is active
[Method: GET, Route: step2]
in SYSTEMPATH/Session/Handlers/FileHandler.php on line 73.
 1 [internal function]: CodeIgniter\Debug\Exceptions->errorHandler()
 2 SYSTEMPATH/Session/Handlers/FileHandler.php(73): ini_set()
 3 SYSTEMPATH/Config/Services.php(702): CodeIgniter\Session\Handlers\FileHandler->__construct()
 4 SYSTEMPATH/Config/BaseService.php(325): CodeIgniter\Config\Services::session()
 5 SYSTEMPATH/Config/BaseService.php(264): CodeIgniter\Config\BaseService::__callStatic()
 6 SYSTEMPATH/Config/Services.php(668): CodeIgniter\Config\BaseService::getSharedInstance()
 7 SYSTEMPATH/Config/BaseService.php(334): CodeIgniter\Config\Services::session()
 8 SYSTEMPATH/Config/BaseService.php(203): CodeIgniter\Config\BaseService::__callStatic()
 9 SYSTEMPATH/Common.php(1078): CodeIgniter\Config\BaseService::get()
10 SYSTEMPATH/Common.php(1051): service()
11 SYSTEMPATH/CodeIgniter.php(1082): session()
12 SYSTEMPATH/CodeIgniter.php(537): CodeIgniter\CodeIgniter->storePreviousURL()
13 SYSTEMPATH/CodeIgniter.php(340): CodeIgniter\CodeIgniter->handleRequest()
14 SYSTEMPATH/Boot.php(417): CodeIgniter\CodeIgniter->run()
15 SYSTEMPATH/Boot.php(68): CodeIgniter\Boot::runCodeIgniter()
16 FCPATH/index.php(59): CodeIgniter\Boot::bootWeb()
CRITICAL - 2026-05-07 12:00:59 --> ErrorException: ini_set(): Session ini settings cannot be changed when a session is active
[Method: GET, Route: step2]
in SYSTEMPATH/Session/Handlers/FileHandler.php on line 73.
 1 [internal function]: CodeIgniter\Debug\Exceptions->errorHandler()
 2 SYSTEMPATH/Session/Handlers/FileHandler.php(73): ini_set()
 3 SYSTEMPATH/Config/Services.php(702): CodeIgniter\Session\Handlers\FileHandler->__construct()
 4 SYSTEMPATH/Config/BaseService.php(325): CodeIgniter\Config\Services::session()
 5 SYSTEMPATH/Config/BaseService.php(264): CodeIgniter\Config\BaseService::__callStatic()
 6 SYSTEMPATH/Config/Services.php(668): CodeIgniter\Config\BaseService::getSharedInstance()
 7 SYSTEMPATH/Config/BaseService.php(334): CodeIgniter\Config\Services::session()
 8 SYSTEMPATH/Config/BaseService.php(203): CodeIgniter\Config\BaseService::__callStatic()
 9 SYSTEMPATH/Common.php(1078): CodeIgniter\Config\BaseService::get()
10 SYSTEMPATH/Common.php(1051): service()
11 SYSTEMPATH/CodeIgniter.php(1082): session()
12 SYSTEMPATH/CodeIgniter.php(537): CodeIgniter\CodeIgniter->storePreviousURL()
13 SYSTEMPATH/CodeIgniter.php(340): CodeIgniter\CodeIgniter->handleRequest()
14 SYSTEMPATH/Boot.php(417): CodeIgniter\CodeIgniter->run()
15 SYSTEMPATH/Boot.php(68): CodeIgniter\Boot::runCodeIgniter()
16 FCPATH/index.php(59): CodeIgniter\Boot::bootWeb()
CRITICAL - 2026-05-07 12:00:59 --> ErrorException: ini_set(): Session ini settings cannot be changed when a session is active
[Method: GET, Route: step2]
in SYSTEMPATH/Session/Handlers/FileHandler.php on line 73.
 1 [internal function]: CodeIgniter\Debug\Exceptions->errorHandler()
 2 SYSTEMPATH/Session/Handlers/FileHandler.php(73): ini_set()
 3 SYSTEMPATH/Config/Services.php(702): CodeIgniter\Session\Handlers\FileHandler->__construct()
 4 SYSTEMPATH/Config/BaseService.php(325): CodeIgniter\Config\Services::session()
 5 SYSTEMPATH/Config/BaseService.php(264): CodeIgniter\Config\BaseService::__callStatic()
 6 SYSTEMPATH/Config/Services.php(668): CodeIgniter\Config\BaseService::getSharedInstance()
 7 SYSTEMPATH/Config/BaseService.php(334): CodeIgniter\Config\Services::session()
 8 SYSTEMPATH/Config/BaseService.php(203): CodeIgniter\Config\BaseService::__callStatic()
 9 SYSTEMPATH/Common.php(1078): CodeIgniter\Config\BaseService::get()
10 SYSTEMPATH/Common.php(1051): service()
11 SYSTEMPATH/CodeIgniter.php(1082): session()
12 SYSTEMPATH/CodeIgniter.php(537): CodeIgniter\CodeIgniter->storePreviousURL()
13 SYSTEMPATH/CodeIgniter.php(340): CodeIgniter\CodeIgniter->handleRequest()
14 SYSTEMPATH/Boot.php(417): CodeIgniter\CodeIgniter->run()
15 SYSTEMPATH/Boot.php(68): CodeIgniter\Boot::runCodeIgniter()
16 FCPATH/index.php(59): CodeIgniter\Boot::bootWeb()
CRITICAL - 2026-05-07 14:29:17 --> ErrorException: Type of App\Models\InfoClientsModel::$casts must be array (as in class CodeIgniter\BaseModel)
[Method: POST, Route: register]
in APPPATH/Models/InfoClientsModel.php on line 0.
 1 [internal function]: CodeIgniter\Debug\Exceptions->shutdownHandler()
CRITICAL - 2026-05-07 15:49:35 --> CodeIgniter\View\Exceptions\ViewException: Invalid file: "/acceuil.php"
[Method: GET, Route: login]
in SYSTEMPATH/Exceptions/FrameworkException.php on line 39.
 1 SYSTEMPATH/View/View.php(228): CodeIgniter\Exceptions\FrameworkException::forInvalidFile()
 2 SYSTEMPATH/Common.php(1250): CodeIgniter\View\View->render()
 3 APPPATH/Controllers/UserController.php(13): view()
 4 SYSTEMPATH/CodeIgniter.php(951): App\Controllers\UserController->login()
 5 SYSTEMPATH/CodeIgniter.php(497): CodeIgniter\CodeIgniter->runController()
 6 SYSTEMPATH/CodeIgniter.php(340): CodeIgniter\CodeIgniter->handleRequest()
 7 SYSTEMPATH/Boot.php(417): CodeIgniter\CodeIgniter->run()
 8 SYSTEMPATH/Boot.php(68): CodeIgniter\Boot::runCodeIgniter()
 9 FCPATH/index.php(59): CodeIgniter\Boot::bootWeb()
CRITICAL - 2026-05-07 15:49:35 --> CodeIgniter\View\Exceptions\ViewException: Invalid file: "/acceuil.php"
[Method: GET, Route: login]
in SYSTEMPATH/Exceptions/FrameworkException.php on line 39.
 1 SYSTEMPATH/View/View.php(228): CodeIgniter\Exceptions\FrameworkException::forInvalidFile()
 2 SYSTEMPATH/Common.php(1250): CodeIgniter\View\View->render()
 3 APPPATH/Controllers/UserController.php(13): view()
 4 SYSTEMPATH/CodeIgniter.php(951): App\Controllers\UserController->login()
 5 SYSTEMPATH/CodeIgniter.php(497): CodeIgniter\CodeIgniter->runController()
 6 SYSTEMPATH/CodeIgniter.php(340): CodeIgniter\CodeIgniter->handleRequest()
 7 SYSTEMPATH/Boot.php(417): CodeIgniter\CodeIgniter->run()
 8 SYSTEMPATH/Boot.php(68): CodeIgniter\Boot::runCodeIgniter()
 9 FCPATH/index.php(59): CodeIgniter\Boot::bootWeb()
